#
# A fatal error has been detected by the Java Runtime Environment:
#
#  EXCEPTION_ACCESS_VIOLATION (0xc0000005) at pc=0x00007ffb1b724054, pid=15168, tid=13824
#
# JRE version: Java(TM) SE Runtime Environment (21.0.6+8) (build 21.0.6+8-LTS-188)
# Java VM: Java HotSpot(TM) 64-Bit Server VM (21.0.6+8-LTS-188, mixed mode, emulated-client, sharing, tiered, compressed oops, compressed class ptrs, g1 gc, windows-amd64)
# Problematic frame:
# V  [jvm.dll+0x364054]
#
# No core dump will be written. Minidumps are not enabled by default on client versions of Windows
#
# If you would like to submit a bug report, please visit:
#   https://bugreport.java.com/bugreport/crash.jsp
#

---------------  S U M M A R Y ------------

Command Line: -XX:+ShowCodeDetailsInExceptionMessages -agentlib:jdwp=transport=dt_socket,suspend=y,address=localhost:50285 -Dcom.sun.management.jmxremote -Dcom.sun.management.jmxremote.port=50284 -Dcom.sun.management.jmxremote.authenticate=false -Dcom.sun.management.jmxremote.ssl=false -Djava.rmi.server.hostname=localhost -Dspring.jmx.enabled=true -Dmanagement.endpoints.jmx.exposure.include=* -Dspring.application.admin.enabled=true -Dspring.output.ansi.enabled=always -XX:TieredStopAtLevel=1 -Dspring.boot.project.name=weather-website -javaagent:C:\Users\aravi\Downloads\spring-tool-suite-4\sts-4.28.0.RELEASE\configuration\org.eclipse.osgi\275\0\.cp\lib\javaagent-shaded.jar -Dfile.encoding=UTF-8 -Dstdout.encoding=UTF-8 -Dstderr.encoding=UTF-8 com.weatherapp.spring.WeatherWebsiteApplication

Host: AMD Ryzen 5 5600H with Radeon Graphics         , 12 cores, 15G,  Windows 11 , 64 bit Build 26100 (10.0.26100.3037)
Time: Sun Mar  2 18:45:25 2025 India Standard Time elapsed time: 866.265649 seconds (0d 0h 14m 26s)

---------------  T H R E A D  ---------------

Current thread (0x0000020f89a88340):  WorkerThread "GC Thread#7"    [id=13824, stack(0x0000007d9a000000,0x0000007d9a100000) (1024K)]

Stack: [0x0000007d9a000000,0x0000007d9a100000],  sp=0x0000007d9a0fdfd0,  free space=1015k
Native frames: (J=compiled Java code, j=interpreted, Vv=VM code, C=native code)
V  [jvm.dll+0x364054]
V  [jvm.dll+0x3129eb]
V  [jvm.dll+0x31243d]
V  [jvm.dll+0x3ed115]
V  [jvm.dll+0x7ff646]
V  [jvm.dll+0x808f61]
V  [jvm.dll+0x36468a]
V  [jvm.dll+0x36451a]
V  [jvm.dll+0x36caa4]
V  [jvm.dll+0x36cc1b]
V  [jvm.dll+0x882ce7]
V  [jvm.dll+0x7ff2fb]
V  [jvm.dll+0x6c8dbd]
C  [ucrtbase.dll+0x37b0]
C  [KERNEL32.DLL+0x2e8d7]
C  [ntdll.dll+0xbbf2c]

JavaThread 0x0000020f8a0d8fd0 (nid = 14496) was being processed
Java frames: (J=compiled Java code, j=interpreted, Vv=VM code)
j  java.lang.invoke.DirectMethodHandle$Holder.newInvokeSpecial(Ljava/lang/Object;Ljava/lang/Object;Ljava/lang/Object;)Ljava/lang/Object;+19 java.base@21.0.6
j  java.lang.invoke.LambdaForm$MH+0x0000020f450c0800.invoke(Ljava/lang/Object;Ljava/lang/Object;Ljava/lang/Object;)Ljava/lang/Object;+44 java.base@21.0.6
J 894 c1 jdk.internal.reflect.DirectConstructorHandleAccessor.newInstance([Ljava/lang/Object;)Ljava/lang/Object; java.base@21.0.6 (130 bytes) @ 0x0000020f38e52f64 [0x0000020f38e52ce0+0x0000000000000284]
J 858 c1 java.lang.reflect.Constructor.newInstanceWithCaller([Ljava/lang/Object;ZLjava/lang/Class;)Ljava/lang/Object; java.base@21.0.6 (51 bytes) @ 0x0000020f38e4143c [0x0000020f38e41360+0x00000000000000dc]
J 3499 c1 org.springframework.beans.BeanUtils.instantiateClass(Ljava/lang/reflect/Constructor;[Ljava/lang/Object;)Ljava/lang/Object; (208 bytes) @ 0x0000020f3937658c [0x0000020f39376080+0x000000000000050c]
j  org.springframework.beans.factory.support.SimpleInstantiationStrategy.instantiate(Lorg/springframework/beans/factory/support/RootBeanDefinition;Ljava/lang/String;Lorg/springframework/beans/factory/BeanFactory;Ljava/lang/reflect/Constructor;[Ljava/lang/Object;)Ljava/lang/Object;+11
j  org.springframework.beans.factory.support.ConstructorResolver.instantiate(Ljava/lang/String;Lorg/springframework/beans/factory/support/RootBeanDefinition;Ljava/lang/reflect/Constructor;[Ljava/lang/Object;)Ljava/lang/Object;+20
j  org.springframework.beans.factory.support.ConstructorResolver.autowireConstructor(Ljava/lang/String;Lorg/springframework/beans/factory/support/RootBeanDefinition;[Ljava/lang/reflect/Constructor;[Ljava/lang/Object;)Lorg/springframework/beans/BeanWrapper;+912
j  org.springframework.beans.factory.support.AbstractAutowireCapableBeanFactory.autowireConstructor(Ljava/lang/String;Lorg/springframework/beans/factory/support/RootBeanDefinition;[Ljava/lang/reflect/Constructor;[Ljava/lang/Object;)Lorg/springframework/beans/BeanWrapper;+13
j  org.springframework.beans.factory.support.AbstractAutowireCapableBeanFactory.createBeanInstance(Ljava/lang/String;Lorg/springframework/beans/factory/support/RootBeanDefinition;[Ljava/lang/Object;)Lorg/springframework/beans/BeanWrapper;+213
j  org.springframework.beans.factory.support.AbstractAutowireCapableBeanFactory.doCreateBean(Ljava/lang/String;Lorg/springframework/beans/factory/support/RootBeanDefinition;[Ljava/lang/Object;)Ljava/lang/Object;+34
j  org.springframework.beans.factory.support.AbstractAutowireCapableBeanFactory.createBean(Ljava/lang/String;Lorg/springframework/beans/factory/support/RootBeanDefinition;[Ljava/lang/Object;)Ljava/lang/Object;+153
j  org.springframework.beans.factory.support.AbstractBeanFactory.lambda$doGetBean$0(Ljava/lang/String;Lorg/springframework/beans/factory/support/RootBeanDefinition;[Ljava/lang/Object;)Ljava/lang/Object;+4
j  org.springframework.beans.factory.support.AbstractBeanFactory$$Lambda+0x0000020f45281840.getObject()Ljava/lang/Object;+16
j  org.springframework.beans.factory.support.DefaultSingletonBeanRegistry.getSingleton(Ljava/lang/String;Lorg/springframework/beans/factory/ObjectFactory;)Ljava/lang/Object;+687
J 3142 c1 org.springframework.beans.factory.support.AbstractBeanFactory.doGetBean(Ljava/lang/String;Ljava/lang/Class;[Ljava/lang/Object;Z)Ljava/lang/Object; (787 bytes) @ 0x0000020f392d0f2c [0x0000020f392d08a0+0x000000000000068c]
j  org.springframework.beans.factory.support.AbstractBeanFactory.getBean(Ljava/lang/String;)Ljava/lang/Object;+5
j  org.springframework.beans.factory.support.DefaultListableBeanFactory.instantiateSingleton(Ljava/lang/String;)V+51
j  org.springframework.beans.factory.support.DefaultListableBeanFactory.preInstantiateSingleton(Ljava/lang/String;Lorg/springframework/beans/factory/support/RootBeanDefinition;)Ljava/util/concurrent/CompletableFuture;+141
j  org.springframework.beans.factory.support.DefaultListableBeanFactory.preInstantiateSingletons()V+121
j  org.springframework.context.support.AbstractApplicationContext.finishBeanFactoryInitialization(Lorg/springframework/beans/factory/config/ConfigurableListableBeanFactory;)V+284
j  org.springframework.context.support.AbstractApplicationContext.refresh()V+94
j  org.springframework.boot.web.servlet.context.ServletWebServerApplicationContext.refresh()V+1
j  org.springframework.boot.SpringApplication.refresh(Lorg/springframework/context/ConfigurableApplicationContext;)V+1
j  org.springframework.boot.SpringApplication.refreshContext(Lorg/springframework/context/ConfigurableApplicationContext;)V+19
j  org.springframework.boot.SpringApplication.run([Ljava/lang/String;)Lorg/springframework/context/ConfigurableApplicationContext;+113
j  org.springframework.boot.SpringApplication.run([Ljava/lang/Class;[Ljava/lang/String;)Lorg/springframework/context/ConfigurableApplicationContext;+9
j  org.springframework.boot.SpringApplication.run(Ljava/lang/Class;[Ljava/lang/String;)Lorg/springframework/context/ConfigurableApplicationContext;+9
j  com.weatherapp.spring.WeatherWebsiteApplication.main([Ljava/lang/String;)V+3
j  java.lang.invoke.LambdaForm$DMH+0x0000020f45004c00.invokeStatic(Ljava/lang/Object;Ljava/lang/Object;)V+10 java.base@21.0.6
j  java.lang.invoke.LambdaForm$MH+0x0000020f45180800.invoke(Ljava/lang/Object;Ljava/lang/Object;Ljava/lang/Object;)Ljava/lang/Object;+33 java.base@21.0.6
j  java.lang.invoke.Invokers$Holder.invokeExact_MT(Ljava/lang/Object;Ljava/lang/Object;Ljava/lang/Object;Ljava/lang/Object;)Ljava/lang/Object;+20 java.base@21.0.6
j  jdk.internal.reflect.DirectMethodHandleAccessor.invokeImpl(Ljava/lang/Object;[Ljava/lang/Object;)Ljava/lang/Object;+55 java.base@21.0.6
j  jdk.internal.reflect.DirectMethodHandleAccessor.invoke(Ljava/lang/Object;[Ljava/lang/Object;)Ljava/lang/Object;+23 java.base@21.0.6
j  java.lang.reflect.Method.invoke(Ljava/lang/Object;[Ljava/lang/Object;)Ljava/lang/Object;+102 java.base@21.0.6
j  org.springframework.boot.devtools.restart.RestartLauncher.run()V+47
v  ~StubRoutines::call_stub 0x0000020f38ab100d

siginfo: EXCEPTION_ACCESS_VIOLATION (0xc0000005), reading address 0x0000020f2ed3228e


Registers:
RAX=0x0000020f2ecb48e8, RBX=0x0000007d9a7fdba0, RCX=0x0000000000000015, RDX=0x0000007d9a7fdba0
RSP=0x0000007d9a0fdfd0, RBP=0x0000007d9a0fe100, RSI=0x0000007d9a0fe2d0, RDI=0x0000020f8b00acc8
R8 =0x000000000003ecd3, R9 =0x0000020f2ec67b60, R10=0x0000007d9a7fdba0, R11=0x0000007d9a0fe178
R12=0x0000020f445436b0, R13=0x0000020f891b4480, R14=0x0000020f899783f0, R15=0x0000000000000000
RIP=0x00007ffb1b724054, EFLAGS=0x0000000000010213


Register to memory mapping:

RAX=0x0000020f2ecb48e8 points into unknown readable memory: 0x0000000000000000 | 00 00 00 00 00 00 00 00
RBX=0x0000007d9a7fdba0 is pointing into the stack for thread: 0x0000020f8a0d8fd0
RCX=0x0000000000000015 is an unknown value
RDX=0x0000007d9a7fdba0 is pointing into the stack for thread: 0x0000020f8a0d8fd0
RSP=0x0000007d9a0fdfd0 points into unknown readable memory: 0x0000007d9a0fe090 | 90 e0 0f 9a 7d 00 00 00
RBP=0x0000007d9a0fe100 points into unknown readable memory: 0x0000000000000000 | 00 00 00 00 00 00 00 00
RSI=0x0000007d9a0fe2d0 points into unknown readable memory: 0x0000007d9a7fdb88 | 88 db 7f 9a 7d 00 00 00
RDI=0x0000020f8b00acc8 points into unknown readable memory: 0x00007ffb1bd9a270 | 70 a2 d9 1b fb 7f 00 00
R8 =0x000000000003ecd3 is an unknown value
R9 =0x0000020f2ec67b60 points into unknown readable memory: 0x00007ffb1bd911b0 | b0 11 d9 1b fb 7f 00 00
R10=0x0000007d9a7fdba0 is pointing into the stack for thread: 0x0000020f8a0d8fd0
R11=0x0000007d9a0fe178 points into unknown readable memory: 0x00007ffb1b6d243d | 3d 24 6d 1b fb 7f 00 00
R12=0x0000020f445436b0 is pointing into metadata
R13=0x0000020f891b4480 points into unknown readable memory: 0x0000000000000000 | 00 00 00 00 00 00 00 00
R14=0x0000020f899783f0 points into unknown readable memory: 0x0000000000000002 | 02 00 00 00 00 00 00 00
R15=0x0 is null

Top of Stack: (sp=0x0000007d9a0fdfd0)
0x0000007d9a0fdfd0:   0000007d9a0fe090 0000007d9a0fe2d0
0x0000007d9a0fdfe0:   0000020f44480090 0000000000000000
0x0000007d9a0fdff0:   0000020f8b00acc8 00007ffb1b6d29eb
0x0000007d9a0fe000:   0000000000000003 0000020f440b6360
0x0000007d9a0fe010:   0000020f8b00acc8 0000007d9a0fe2d0
0x0000007d9a0fe020:   0000001300000001 0000020f440b6360
0x0000007d9a0fe030:   0000020f89a88340 0000020f00000005
0x0000007d9a0fe040:   00000000000003d8 0000020f891b4490
0x0000007d9a0fe050:   0000020f891b4868 0000020f4472e5ab
0x0000007d9a0fe060:   00000000000000b8 0000020f440b6360
0x0000007d9a0fe070:   00007ffb1bd8fa20 0000007d9a0fe2d0
0x0000007d9a0fe080:   0000020f8b00acc8 0000000400000003
0x0000007d9a0fe090:   0000020f445436b0 0000001300000001
0x0000007d9a0fe0a0:   0000000000000056 000000010000000c
0x0000007d9a0fe0b0:   0000020f44480090 0000000000000000
0x0000007d9a0fe0c0:   0000000000000000 0000000000000000
0x0000007d9a0fe0d0:   0000000000000000 0000000000000000
0x0000007d9a0fe0e0:   0000000000000000 0000000000000000
0x0000007d9a0fe0f0:   0000020f44017348 0000000600000013
0x0000007d9a0fe100:   0000000000000000 0000000000000015
0x0000007d9a0fe110:   0000007d9a4ffa58 00007ffb1b7240e2
0x0000007d9a0fe120:   0000000000000000 0000000000000003
0x0000007d9a0fe130:   0000b3f3914fcec6 0000000000000000
0x0000007d9a0fe140:   0000020f8b00acc8 00000000000003d8
0x0000007d9a0fe150:   0000020f891b4868 0000007d9a0fe2d0
0x0000007d9a0fe160:   0000020f8b00ad70 0000020f89a921b0
0x0000007d9a0fe170:   0000020f8b00acc8 00007ffb1b6d243d
0x0000007d9a0fe180:   0000000000000000 0000020f8b00ad70
0x0000007d9a0fe190:   0000000000000000 00007ffb1b7aefa6
0x0000007d9a0fe1a0:   0000007d9a0fe200 0000000000000000
0x0000007d9a0fe1b0:   0000000000000000 0000000000000000
0x0000007d9a0fe1c0:   0000020f8a0d8fd0 00007ffb1bb0e091 

Instructions: (pc=0x00007ffb1b724054)
0x00007ffb1b723f54:   00 00 48 d3 ea 0f b7 14 50 0f b7 c2 66 c1 e8 08
0x00007ffb1b723f64:   84 c0 78 3a 4c 8b 07 41 0f b6 c0 24 03 3c 03 75
0x00007ffb1b723f74:   06 49 83 e0 fc eb 12 48 8b 4b 10 4d 8b c8 4c 8b
0x00007ffb1b723f84:   c7 e8 f6 19 ff ff 4c 8b c0 4c 2b 05 cc 8f 85 00
0x00007ffb1b723f94:   8b 0d ce 8f 85 00 49 d3 e8 44 89 06 eb 5a 3c fd
0x00007ffb1b723fa4:   75 37 41 8b 88 18 02 00 00 48 8b d7 49 8b 80 10
0x00007ffb1b723fb4:   02 00 00 48 d3 e0 8b 0d 80 1f 8c 00 48 2b d0 49
0x00007ffb1b723fc4:   8b 80 90 05 00 00 48 d3 ea 8b ca 80 7c 48 01 fd
0x00007ffb1b723fd4:   75 17 c6 44 48 01 ff eb 10 3c fc 75 0c 48 8b 4b
0x00007ffb1b723fe4:   10 48 8b d6 e8 e3 f2 ff ff 8b 53 18 4c 8b c7 48
0x00007ffb1b723ff4:   8b 4b 28 e8 c4 3d fb ff 48 8b 4b 10 e8 eb f2 fe
0x00007ffb1b724004:   ff 48 8b 7c 24 30 48 8b 5c 24 38 48 83 c4 20 5e
0x00007ffb1b724014:   c3 cc cc cc cc cc cc cc cc cc cc cc 48 89 5c 24
0x00007ffb1b724024:   08 57 48 83 ec 20 4c 8b 12 48 8b da 48 8b f9 4d
0x00007ffb1b724034:   85 d2 0f 84 a6 00 00 00 4c 8b 49 08 4d 8b c2 49
0x00007ffb1b724044:   8b 81 a0 05 00 00 41 8b 89 b0 05 00 00 49 d3 e8
0x00007ffb1b724054:   42 0f b7 14 40 0f b7 c2 66 c1 e8 08 84 c0 78 2c
0x00007ffb1b724064:   49 8b 0a 0f b6 c1 24 03 3c 03 75 09 48 83 e1 fc
0x00007ffb1b724074:   48 89 0b eb 60 4c 8b c9 4d 8b c2 48 8b 4f 10 e8
0x00007ffb1b724084:   f8 18 ff ff 48 8b c8 48 89 03 eb 49 3c fd 75 35
0x00007ffb1b724094:   41 8b 89 18 02 00 00 49 8b 81 10 02 00 00 48 d3
0x00007ffb1b7240a4:   e0 8b 0d 95 1e 8c 00 4c 2b d0 49 8b 81 90 05 00
0x00007ffb1b7240b4:   00 49 d3 ea 41 8b ca 80 7c 48 01 fd 75 17 c6 44
0x00007ffb1b7240c4:   48 01 ff eb 10 3c fc 75 0c 48 8b 4f 10 48 8b d3
0x00007ffb1b7240d4:   e8 97 f1 ff ff 48 8b 4f 10 e8 0e f2 fe ff 48 8b
0x00007ffb1b7240e4:   5c 24 30 48 83 c4 20 5f c3 cc cc cc 48 89 5c 24
0x00007ffb1b7240f4:   08 57 48 83 ec 20 8b 02 48 8b fa 48 8b d9 85 c0
0x00007ffb1b724104:   0f 84 c7 00 00 00 8b 0d 58 8e 85 00 44 8b d0 4c
0x00007ffb1b724114:   8b 4b 08 49 d3 e2 4c 03 15 3f 8e 85 00 4d 8b c2
0x00007ffb1b724124:   49 8b 81 a0 05 00 00 41 8b 89 b0 05 00 00 49 d3
0x00007ffb1b724134:   e8 42 0f b7 14 40 0f b7 c2 66 c1 e8 08 84 c0 78
0x00007ffb1b724144:   3a 4d 8b 02 41 0f b6 c0 24 03 3c 03 75 06 49 83 


Stack slot to memory mapping:

stack at sp + 0 slots: 0x0000007d9a0fe090 points into unknown readable memory: 0x0000020f445436b0 | b0 36 54 44 0f 02 00 00
stack at sp + 1 slots: 0x0000007d9a0fe2d0 points into unknown readable memory: 0x0000007d9a7fdb88 | 88 db 7f 9a 7d 00 00 00
stack at sp + 2 slots: 0x0000020f44480090 is pointing into metadata
stack at sp + 3 slots: 0x0 is null
stack at sp + 4 slots: 0x0000020f8b00acc8 points into unknown readable memory: 0x00007ffb1bd9a270 | 70 a2 d9 1b fb 7f 00 00
stack at sp + 5 slots: 0x00007ffb1b6d29eb jvm.dll
stack at sp + 6 slots: 0x0000000000000003 is an unknown value
stack at sp + 7 slots: {method} {0x0000020f440b6368} 'newInvokeSpecial' '(Ljava/lang/Object;Ljava/lang/Object;Ljava/lang/Object;)Ljava/lang/Object;' in 'java/lang/invoke/DirectMethodHandle$Holder'


---------------  P R O C E S S  ---------------

Threads class SMR info:
_java_thread_list=0x0000020f89b4c350, length=24, elements={
0x0000020f2e9f9900, 0x0000020f890044b0, 0x0000020f89004f00, 0x0000020f4357c950,
0x0000020f4357d3a0, 0x0000020f4357df20, 0x0000020f89013010, 0x0000020f8901de40,
0x0000020f890af990, 0x0000020f8919b0a0, 0x0000020f8919d730, 0x0000020f8919ddb0,
0x0000020f89830970, 0x0000020f899e3c60, 0x0000020f899eda90, 0x0000020f89a91b50,
0x0000020f89a16f00, 0x0000020f89ac5450, 0x0000020f89a1bf90, 0x0000020f8a0d8940,
0x0000020f8a0d8fd0, 0x0000020f8a0d5b50, 0x0000020f8a0d6870, 0x0000020f8a0d61e0
}

Java Threads: ( => current thread )
  0x0000020f2e9f9900 JavaThread "main"                              [_thread_blocked, id=11592, stack(0x0000007d98000000,0x0000007d98100000) (1024K)]
  0x0000020f890044b0 JavaThread "Reference Handler"          daemon [_thread_blocked, id=9212, stack(0x0000007d98800000,0x0000007d98900000) (1024K)]
  0x0000020f89004f00 JavaThread "Finalizer"                  daemon [_thread_blocked, id=15512, stack(0x0000007d98900000,0x0000007d98a00000) (1024K)]
  0x0000020f4357c950 JavaThread "Signal Dispatcher"          daemon [_thread_blocked, id=8088, stack(0x0000007d98a00000,0x0000007d98b00000) (1024K)]
  0x0000020f4357d3a0 JavaThread "Attach Listener"            daemon [_thread_blocked, id=10592, stack(0x0000007d98b00000,0x0000007d98c00000) (1024K)]
  0x0000020f4357df20 JavaThread "Service Thread"             daemon [_thread_blocked, id=5556, stack(0x0000007d98c00000,0x0000007d98d00000) (1024K)]
  0x0000020f89013010 JavaThread "Monitor Deflation Thread"   daemon [_thread_blocked, id=4776, stack(0x0000007d98d00000,0x0000007d98e00000) (1024K)]
  0x0000020f8901de40 JavaThread "C1 CompilerThread0"         daemon [_thread_blocked, id=12696, stack(0x0000007d98e00000,0x0000007d98f00000) (1024K)]
  0x0000020f890af990 JavaThread "Common-Cleaner"             daemon [_thread_blocked, id=11016, stack(0x0000007d98f00000,0x0000007d99000000) (1024K)]
  0x0000020f8919b0a0 JavaThread "JDWP Transport Listener: dt_socket" daemon [_thread_blocked, id=7908, stack(0x0000007d99200000,0x0000007d99300000) (1024K)]
  0x0000020f8919d730 JavaThread "JDWP Event Helper Thread"   daemon [_thread_blocked, id=15848, stack(0x0000007d99300000,0x0000007d99400000) (1024K)]
  0x0000020f8919ddb0 JavaThread "JDWP Command Reader"        daemon [_thread_in_native, id=10596, stack(0x0000007d99400000,0x0000007d99500000) (1024K)]
  0x0000020f89830970 JavaThread "Notification Thread"        daemon [_thread_blocked, id=15744, stack(0x0000007d99500000,0x0000007d99600000) (1024K)]
  0x0000020f899e3c60 JavaThread "RMI TCP Accept-0"           daemon [_thread_in_native, id=5684, stack(0x0000007d99600000,0x0000007d99700000) (1024K)]
  0x0000020f899eda90 JavaThread "RMI TCP Accept-50284"       daemon [_thread_in_native, id=14480, stack(0x0000007d99700000,0x0000007d99800000) (1024K)]
  0x0000020f89a91b50 JavaThread "RMI Scheduler(0)"           daemon [_thread_blocked, id=12884, stack(0x0000007d99900000,0x0000007d99a00000) (1024K)]
  0x0000020f89a16f00 JavaThread "RMI TCP Connection(2)-127.0.0.1" daemon [_thread_blocked, id=16008, stack(0x0000007d9a300000,0x0000007d9a400000) (1024K)]
  0x0000020f89ac5450 JavaThread "RMI TCP Accept-0"           daemon [_thread_in_native, id=10768, stack(0x0000007d9a400000,0x0000007d9a500000) (1024K)]
  0x0000020f89a1bf90 JavaThread "JMX server connection timeout 39" daemon [_thread_blocked, id=5440, stack(0x0000007d9a500000,0x0000007d9a600000) (1024K)]
  0x0000020f8a0d8940 JavaThread "Thread-0"                          [_thread_blocked, id=3384, stack(0x0000007d9a600000,0x0000007d9a700000) (1024K)]
  0x0000020f8a0d8fd0 JavaThread "restartedMain"                     [_thread_blocked, id=14496, stack(0x0000007d9a700000,0x0000007d9a800000) (1024K)]
  0x0000020f8a0d5b50 JavaThread "Catalina-utility-1"                [_thread_blocked, id=9120, stack(0x0000007d9a800000,0x0000007d9a900000) (1024K)]
  0x0000020f8a0d6870 JavaThread "Catalina-utility-2"                [_thread_blocked, id=4552, stack(0x0000007d9ac00000,0x0000007d9ad00000) (1024K)]
  0x0000020f8a0d61e0 JavaThread "container-0"                       [_thread_blocked, id=9368, stack(0x0000007d9ad00000,0x0000007d9ae00000) (1024K)]
Total: 24

Other Threads:
  0x0000020f43565020 VMThread "VM Thread"                           [id=12016, stack(0x0000007d98700000,0x0000007d98800000) (1024K)]
  0x0000020f43552fa0 WatcherThread "VM Periodic Task Thread"        [id=2872, stack(0x0000007d98600000,0x0000007d98700000) (1024K)]
  0x0000020f2ecbc910 WorkerThread "GC Thread#0"                     [id=14568, stack(0x0000007d98100000,0x0000007d98200000) (1024K)]
  0x0000020f89a029d0 WorkerThread "GC Thread#1"                     [id=14100, stack(0x0000007d99a00000,0x0000007d99b00000) (1024K)]
  0x0000020f89a04510 WorkerThread "GC Thread#2"                     [id=9064, stack(0x0000007d99b00000,0x0000007d99c00000) (1024K)]
  0x0000020f89a04cb0 WorkerThread "GC Thread#3"                     [id=15752, stack(0x0000007d99c00000,0x0000007d99d00000) (1024K)]
  0x0000020f89a05050 WorkerThread "GC Thread#4"                     [id=13360, stack(0x0000007d99d00000,0x0000007d99e00000) (1024K)]
  0x0000020f89aa2610 WorkerThread "GC Thread#5"                     [id=14800, stack(0x0000007d99e00000,0x0000007d99f00000) (1024K)]
  0x0000020f89a87780 WorkerThread "GC Thread#6"                     [id=15332, stack(0x0000007d99f00000,0x0000007d9a000000) (1024K)]
=>0x0000020f89a88340 WorkerThread "GC Thread#7"                     [id=13824, stack(0x0000007d9a000000,0x0000007d9a100000) (1024K)]
  0x0000020f89a886e0 WorkerThread "GC Thread#8"                     [id=3492, stack(0x0000007d9a100000,0x0000007d9a200000) (1024K)]
  0x0000020f89a88ad0 WorkerThread "GC Thread#9"                     [id=684, stack(0x0000007d9a200000,0x0000007d9a300000) (1024K)]
  0x0000020f2eabe520 ConcurrentGCThread "G1 Main Marker"            [id=16280, stack(0x0000007d98200000,0x0000007d98300000) (1024K)]
  0x0000020f2ece81d0 WorkerThread "G1 Conc#0"                       [id=15628, stack(0x0000007d98300000,0x0000007d98400000) (1024K)]
  0x0000020f89a8a430 WorkerThread "G1 Conc#1"                       [id=8068, stack(0x0000007d9aa00000,0x0000007d9ab00000) (1024K)]
  0x0000020f89a8a090 WorkerThread "G1 Conc#2"                       [id=13520, stack(0x0000007d9ab00000,0x0000007d9ac00000) (1024K)]
  0x0000020f4341c090 ConcurrentGCThread "G1 Refine#0"               [id=9072, stack(0x0000007d98400000,0x0000007d98500000) (1024K)]
  0x0000020f4341e630 ConcurrentGCThread "G1 Service"                [id=372, stack(0x0000007d98500000,0x0000007d98600000) (1024K)]
Total: 18

Threads with active compile tasks:
Total: 0

VM state: at safepoint (normal execution)

VM Mutex/Monitor currently owned by a thread:  ([mutex/lock_event])
[0x00007ffb1bffde98] Threads_lock - owner thread: 0x0000020f43565020
[0x00007ffb1bffdf98] Heap_lock - owner thread: 0x0000020f89a16f00

Heap address: 0x0000000709800000, size: 3944 MB, Compressed Oops mode: Zero based, Oop shift amount: 3

CDS archive(s) mapped at: [0x0000020f44000000-0x0000020f44c90000-0x0000020f44c90000), size 13172736, SharedBaseAddress: 0x0000020f44000000, ArchiveRelocationMode: 1.
Compressed class space mapped at: 0x0000020f45000000-0x0000020f85000000, reserved size: 1073741824
Narrow klass base: 0x0000020f44000000, Narrow klass shift: 0, Narrow klass range: 0x100000000

GC Precious Log:
 CardTable entry size: 512
 Card Set container configuration: InlinePtr #cards 4 size 8 Array Of Cards #cards 16 size 48 Howl #buckets 8 coarsen threshold 3686 Howl Bitmap #cards 512 size 80 coarsen threshold 460 Card regions per heap region 1 cards per card region 4096
 CPUs: 12 total, 12 available
 Memory: 15775M
 Large Page Support: Disabled
 NUMA Support: Disabled
 Compressed Oops: Enabled (Zero based)
 Heap Region Size: 2M
 Heap Min Capacity: 8M
 Heap Initial Capacity: 248M
 Heap Max Capacity: 3944M
 Pre-touch: Disabled
 Parallel Workers: 10
 Concurrent Workers: 3
 Concurrent Refinement Workers: 10
 Periodic GC: Disabled

Heap:
 garbage-first heap   total 69632K, used 59720K [0x0000000709800000, 0x0000000800000000)
  region size 2048K, 26 young (53248K), 4 survivors (8192K)
 Metaspace       used 29453K, committed 30080K, reserved 1114112K
  class space    used 3866K, committed 4160K, reserved 1048576K

Heap Regions: E=young(eden), S=young(survivor), O=old, HS=humongous(starts), HC=humongous(continues), CS=collection set, F=free, TAMS=top-at-mark-start, PB=parsable bottom
|   0|0x0000000709800000, 0x0000000709a00000, 0x0000000709a00000|100%| O|  |TAMS 0x0000000709800000| PB 0x0000000709800000| Untracked 
|   1|0x0000000709a00000, 0x0000000709c00000, 0x0000000709c00000|100%| O|  |TAMS 0x0000000709a00000| PB 0x0000000709a00000| Untracked 
|   2|0x0000000709c00000, 0x0000000709e00000, 0x0000000709e00000|100%| E|CS|TAMS 0x0000000709c00000| PB 0x0000000709c00000| Complete 
|   3|0x0000000709e00000, 0x000000070a000000, 0x000000070a000000|100%| O|  |TAMS 0x0000000709e00000| PB 0x0000000709e00000| Untracked 
|   4|0x000000070a000000, 0x000000070a200000, 0x000000070a200000|100%| O|  |TAMS 0x000000070a000000| PB 0x000000070a000000| Untracked 
|   5|0x000000070a200000, 0x000000070a257348, 0x000000070a400000| 17%| O|Cm|TAMS 0x000000070a200000| PB 0x000000070a200000| Complete 
|   6|0x000000070a400000, 0x000000070a600000, 0x000000070a600000|100%| E|CS|TAMS 0x000000070a400000| PB 0x000000070a400000| Complete 
|   7|0x000000070a600000, 0x000000070a800000, 0x000000070a800000|100%| E|CS|TAMS 0x000000070a600000| PB 0x000000070a600000| Complete 
|   8|0x000000070a800000, 0x000000070aa00000, 0x000000070aa00000|100%| E|CS|TAMS 0x000000070a800000| PB 0x000000070a800000| Complete 
|   9|0x000000070aa00000, 0x000000070ac00000, 0x000000070ac00000|100%| E|CS|TAMS 0x000000070aa00000| PB 0x000000070aa00000| Complete 
|  10|0x000000070ac00000, 0x000000070ae00000, 0x000000070ae00000|100%| E|CS|TAMS 0x000000070ac00000| PB 0x000000070ac00000| Complete 
|  11|0x000000070ae00000, 0x000000070b000000, 0x000000070b000000|100%| E|CS|TAMS 0x000000070ae00000| PB 0x000000070ae00000| Complete 
|  12|0x000000070b000000, 0x000000070b200000, 0x000000070b200000|100%| E|CS|TAMS 0x000000070b000000| PB 0x000000070b000000| Complete 
|  13|0x000000070b200000, 0x000000070b400000, 0x000000070b400000|100%| E|CS|TAMS 0x000000070b200000| PB 0x000000070b200000| Complete 
|  14|0x000000070b400000, 0x000000070b600000, 0x000000070b600000|100%| E|CS|TAMS 0x000000070b400000| PB 0x000000070b400000| Complete 
|  15|0x000000070b600000, 0x000000070b800000, 0x000000070b800000|100%| E|CS|TAMS 0x000000070b600000| PB 0x000000070b600000| Complete 
|  16|0x000000070b800000, 0x000000070ba00000, 0x000000070ba00000|100%| E|CS|TAMS 0x000000070b800000| PB 0x000000070b800000| Complete 
|  17|0x000000070ba00000, 0x000000070bc00000, 0x000000070bc00000|100%| E|CS|TAMS 0x000000070ba00000| PB 0x000000070ba00000| Complete 
|  18|0x000000070bc00000, 0x000000070be00000, 0x000000070be00000|100%| E|CS|TAMS 0x000000070bc00000| PB 0x000000070bc00000| Complete 
|  19|0x000000070be00000, 0x000000070c000000, 0x000000070c000000|100%| E|CS|TAMS 0x000000070be00000| PB 0x000000070be00000| Complete 
|  20|0x000000070c000000, 0x000000070c200000, 0x000000070c200000|100%| E|CS|TAMS 0x000000070c000000| PB 0x000000070c000000| Complete 
|  21|0x000000070c200000, 0x000000070c400000, 0x000000070c400000|100%| E|CS|TAMS 0x000000070c200000| PB 0x000000070c200000| Complete 
|  22|0x000000070c400000, 0x000000070c600000, 0x000000070c600000|100%| E|CS|TAMS 0x000000070c400000| PB 0x000000070c400000| Complete 
|  23|0x000000070c600000, 0x000000070c800000, 0x000000070c800000|100%| E|CS|TAMS 0x000000070c600000| PB 0x000000070c600000| Complete 
|  24|0x000000070c800000, 0x000000070ca00000, 0x000000070ca00000|100%| E|CS|TAMS 0x000000070c800000| PB 0x000000070c800000| Complete 
|  25|0x000000070ca00000, 0x000000070cc00000, 0x000000070cc00000|100%| E|CS|TAMS 0x000000070ca00000| PB 0x000000070ca00000| Complete 
|  26|0x000000070cc00000, 0x000000070ce00000, 0x000000070ce00000|100%| S|  |TAMS 0x000000070cc00000| PB 0x000000070cc00000| Complete 
|  27|0x000000070ce00000, 0x000000070d000000, 0x000000070d000000|100%| S|  |TAMS 0x000000070ce00000| PB 0x000000070ce00000| Complete 
|  28|0x000000070d000000, 0x000000070d200000, 0x000000070d200000|100%| S|  |TAMS 0x000000070d000000| PB 0x000000070d000000| Complete 
|  29|0x000000070d200000, 0x000000070d2c2b40, 0x000000070d400000| 38%| S|  |TAMS 0x000000070d200000| PB 0x000000070d200000| Complete 
|  33|0x000000070da00000, 0x000000070dbfb088, 0x000000070dc00000| 99%| E|CS|TAMS 0x000000070da00000| PB 0x000000070da00000| Complete 
|  34|0x000000070dc00000, 0x000000070de00000, 0x000000070de00000|100%| E|CS|TAMS 0x000000070dc00000| PB 0x000000070dc00000| Complete 
|  35|0x000000070de00000, 0x000000070e000000, 0x000000070e000000|100%| E|CS|TAMS 0x000000070de00000| PB 0x000000070de00000| Complete 
| 123|0x0000000718e00000, 0x0000000719000000, 0x0000000719000000|100%| E|CS|TAMS 0x0000000718e00000| PB 0x0000000718e00000| Complete 

Card table byte_map: [0x0000020f3cc00000,0x0000020f3d3c0000] _byte_map_base: 0x0000020f393b4000

Marking Bits: (CMBitMap*) 0x0000020f2ecbcf20
 Bits: [0x0000020f3d3c0000, 0x0000020f41160000)

Polling page: 0x0000020f2e990000

Metaspace:

Usage:
  Non-class:     24.99 MB used.
      Class:      3.78 MB used.
       Both:     28.76 MB used.

Virtual space:
  Non-class space:       64.00 MB reserved,      25.31 MB ( 40%) committed,  1 nodes.
      Class space:        1.00 GB reserved,       4.06 MB ( <1%) committed,  1 nodes.
             Both:        1.06 GB reserved,      29.38 MB (  3%) committed. 

Chunk freelists:
   Non-Class:  6.36 MB
       Class:  11.96 MB
        Both:  18.32 MB

MaxMetaspaceSize: unlimited
CompressedClassSpaceSize: 1.00 GB
Initial GC threshold: 21.00 MB
Current GC threshold: 46.56 MB
CDS: on
 - commit_granule_bytes: 65536.
 - commit_granule_words: 8192.
 - virtual_space_node_default_size: 8388608.
 - enlarge_chunks_in_place: 1.
 - use_allocation_guard: 0.


Internal statistics:

num_allocs_failed_limit: 3.
num_arena_births: 722.
num_arena_deaths: 0.
num_vsnodes_births: 2.
num_vsnodes_deaths: 0.
num_space_committed: 470.
num_space_uncommitted: 0.
num_chunks_returned_to_freelist: 3.
num_chunks_taken_from_freelist: 1710.
num_chunk_merges: 3.
num_chunk_splits: 1147.
num_chunks_enlarged: 774.
num_inconsistent_stats: 0.

CodeCache: size=49152Kb used=9085Kb max_used=10688Kb free=40066Kb
 bounds [0x0000020f38ab0000, 0x0000020f39570000, 0x0000020f3bab0000]
 total_blobs=5058 nmethods=4510 adapters=472
 compilation: enabled
              stopped_count=0, restarted_count=0
 full_count=0

Compilation events (20 events):
Event: 634.414 Thread 0x0000020f8901de40 4542       1       java.util.concurrent.locks.AbstractQueuedSynchronizer::acquire (20 bytes)
Event: 634.415 Thread 0x0000020f8901de40 nmethod 4542 0x0000020f38c3a290 code [0x0000020f38c3a440, 0x0000020f38c3a5b0]
Event: 634.880 Thread 0x0000020f8901de40 4543   !   1       org.apache.catalina.core.ContainerBase::getRealmInternal (38 bytes)
Event: 634.881 Thread 0x0000020f8901de40 nmethod 4543 0x0000020f38c39a90 code [0x0000020f38c39c80, 0x0000020f38c39fd8]
Event: 644.885 Thread 0x0000020f8901de40 4544   !   1       org.apache.catalina.core.ContainerBase::getClusterInternal (38 bytes)
Event: 644.886 Thread 0x0000020f8901de40 nmethod 4544 0x0000020f38c39290 code [0x0000020f38c39480, 0x0000020f38c397d8]
Event: 644.886 Thread 0x0000020f8901de40 4546   !   1       org.apache.catalina.core.ContainerBase$ContainerBackgroundProcessor::processChildren (202 bytes)
Event: 644.888 Thread 0x0000020f8901de40 nmethod 4546 0x0000020f38c37310 code [0x0000020f38c37640, 0x0000020f38c38758]
Event: 644.888 Thread 0x0000020f8901de40 4547  s!   1       org.apache.catalina.core.ContainerBase::backgroundProcess (172 bytes)
Event: 644.889 Thread 0x0000020f8901de40 nmethod 4547 0x0000020f38c35e90 code [0x0000020f38c36120, 0x0000020f38c36c58]
Event: 644.889 Thread 0x0000020f8901de40 4548       1       org.apache.catalina.core.StandardPipeline::getFirst (17 bytes)
Event: 644.889 Thread 0x0000020f8901de40 nmethod 4548 0x0000020f38c35b90 code [0x0000020f38c35d20, 0x0000020f38c35e28]
Event: 644.889 Thread 0x0000020f8901de40 4549       1       org.apache.catalina.mapper.MapperListener::lifecycleEvent (180 bytes)
Event: 644.890 Thread 0x0000020f8901de40 nmethod 4549 0x0000020f38c34c10 code [0x0000020f38c34ea0, 0x0000020f38c35778]
Event: 644.890 Thread 0x0000020f8901de40 4545       1       org.apache.catalina.webresources.CachedResource::getNextCheck (5 bytes)
Event: 644.890 Thread 0x0000020f8901de40 nmethod 4545 0x0000020f38c34910 code [0x0000020f38c34aa0, 0x0000020f38c34b70]
Event: 835.060 Thread 0x0000020f8901de40 4550   !   1       org.apache.catalina.core.StandardContext::getLoader (38 bytes)
Event: 835.061 Thread 0x0000020f8901de40 nmethod 4550 0x0000020f38c34110 code [0x0000020f38c34300, 0x0000020f38c34658]
Event: 865.074 Thread 0x0000020f8901de40 4551       1       java.util.TreeSet::add (22 bytes)
Event: 865.074 Thread 0x0000020f8901de40 nmethod 4551 0x0000020f38c33d90 code [0x0000020f38c33f40, 0x0000020f38c34068]

GC Heap History (15 events):
Event: 1.066 GC heap before
{Heap before GC invocations=0 (full 0):
 garbage-first heap   total 253952K, used 22528K [0x0000000709800000, 0x0000000800000000)
  region size 2048K, 11 young (22528K), 0 survivors (0K)
 Metaspace       used 6968K, committed 7232K, reserved 1114112K
  class space    used 776K, committed 896K, reserved 1048576K
}
Event: 1.073 GC heap after
{Heap after GC invocations=1 (full 0):
 garbage-first heap   total 253952K, used 4924K [0x0000000709800000, 0x0000000800000000)
  region size 2048K, 2 young (4096K), 2 survivors (4096K)
 Metaspace       used 6968K, committed 7232K, reserved 1114112K
  class space    used 776K, committed 896K, reserved 1048576K
}
Event: 1.559 GC heap before
{Heap before GC invocations=1 (full 0):
 garbage-first heap   total 253952K, used 35644K [0x0000000709800000, 0x0000000800000000)
  region size 2048K, 17 young (34816K), 2 survivors (4096K)
 Metaspace       used 10328K, committed 10688K, reserved 1114112K
  class space    used 1220K, committed 1408K, reserved 1048576K
}
Event: 1.566 GC heap after
{Heap after GC invocations=2 (full 0):
 garbage-first heap   total 253952K, used 6900K [0x0000000709800000, 0x0000000800000000)
  region size 2048K, 1 young (2048K), 1 survivors (2048K)
 Metaspace       used 10328K, committed 10688K, reserved 1114112K
  class space    used 1220K, committed 1408K, reserved 1048576K
}
Event: 2.295 GC heap before
{Heap before GC invocations=2 (full 0):
 garbage-first heap   total 253952K, used 72436K [0x0000000709800000, 0x0000000800000000)
  region size 2048K, 35 young (71680K), 1 survivors (2048K)
 Metaspace       used 16629K, committed 17024K, reserved 1114112K
  class space    used 2104K, committed 2304K, reserved 1048576K
}
Event: 2.300 GC heap after
{Heap after GC invocations=3 (full 0):
 garbage-first heap   total 253952K, used 8909K [0x0000000709800000, 0x0000000800000000)
  region size 2048K, 2 young (4096K), 2 survivors (4096K)
 Metaspace       used 16629K, committed 17024K, reserved 1114112K
  class space    used 2104K, committed 2304K, reserved 1048576K
}
Event: 2.465 GC heap before
{Heap before GC invocations=4 (full 0):
 garbage-first heap   total 40960K, used 37581K [0x0000000709800000, 0x0000000800000000)
  region size 2048K, 17 young (34816K), 2 survivors (4096K)
 Metaspace       used 19191K, committed 19648K, reserved 1114112K
  class space    used 2434K, committed 2624K, reserved 1048576K
}
Event: 2.470 GC heap after
{Heap after GC invocations=5 (full 0):
 garbage-first heap   total 47104K, used 9482K [0x0000000709800000, 0x0000000800000000)
  region size 2048K, 3 young (6144K), 3 survivors (6144K)
 Metaspace       used 19191K, committed 19648K, reserved 1114112K
  class space    used 2434K, committed 2624K, reserved 1048576K
}
Event: 2.599 GC heap before
{Heap before GC invocations=5 (full 0):
 garbage-first heap   total 47104K, used 29962K [0x0000000709800000, 0x0000000800000000)
  region size 2048K, 13 young (26624K), 3 survivors (6144K)
 Metaspace       used 20842K, committed 21248K, reserved 1114112K
  class space    used 2667K, committed 2880K, reserved 1048576K
}
Event: 2.604 GC heap after
{Heap after GC invocations=6 (full 0):
 garbage-first heap   total 47104K, used 10152K [0x0000000709800000, 0x0000000800000000)
  region size 2048K, 1 young (2048K), 1 survivors (2048K)
 Metaspace       used 20842K, committed 21248K, reserved 1114112K
  class space    used 2667K, committed 2880K, reserved 1048576K
}
Event: 3.030 GC heap before
{Heap before GC invocations=6 (full 0):
 garbage-first heap   total 47104K, used 32680K [0x0000000709800000, 0x0000000800000000)
  region size 2048K, 13 young (26624K), 1 survivors (2048K)
 Metaspace       used 22094K, committed 22528K, reserved 1114112K
  class space    used 2859K, committed 3072K, reserved 1048576K
}
Event: 3.033 GC heap after
{Heap after GC invocations=7 (full 0):
 garbage-first heap   total 151552K, used 11791K [0x0000000709800000, 0x0000000800000000)
  region size 2048K, 2 young (4096K), 2 survivors (4096K)
 Metaspace       used 22094K, committed 22528K, reserved 1114112K
  class space    used 2859K, committed 3072K, reserved 1048576K
}
Event: 4.168 GC heap before
{Heap before GC invocations=7 (full 0):
 garbage-first heap   total 151552K, used 87567K [0x0000000709800000, 0x0000000800000000)
  region size 2048K, 40 young (81920K), 2 survivors (4096K)
 Metaspace       used 28009K, committed 28480K, reserved 1114112K
  class space    used 3668K, committed 3904K, reserved 1048576K
}
Event: 4.176 GC heap after
{Heap after GC invocations=8 (full 0):
 garbage-first heap   total 151552K, used 14664K [0x0000000709800000, 0x0000000800000000)
  region size 2048K, 3 young (6144K), 3 survivors (6144K)
 Metaspace       used 28009K, committed 28480K, reserved 1114112K
  class space    used 3668K, committed 3904K, reserved 1048576K
}
Event: 866.232 GC heap before
{Heap before GC invocations=9 (full 0):
 garbage-first heap   total 61440K, used 59720K [0x0000000709800000, 0x0000000800000000)
  region size 2048K, 25 young (51200K), 3 survivors (6144K)
 Metaspace       used 29453K, committed 30080K, reserved 1114112K
  class space    used 3866K, committed 4160K, reserved 1048576K
}

Dll operation events (12 events):
Event: 0.018 Loaded shared library C:\Program Files\Java\jdk-21\bin\java.dll
Event: 0.308 Loaded shared library C:\Program Files\Java\jdk-21\bin\zip.dll
Event: 0.314 Loaded shared library C:\Program Files\Java\jdk-21\bin\instrument.dll
Event: 0.323 Loaded shared library C:\Program Files\Java\jdk-21\bin\net.dll
Event: 0.326 Loaded shared library C:\Program Files\Java\jdk-21\bin\nio.dll
Event: 0.331 Loaded shared library C:\Program Files\Java\jdk-21\bin\zip.dll
Event: 0.518 Loaded shared library C:\Program Files\Java\jdk-21\bin\jimage.dll
Event: 0.596 Loaded shared library C:\Program Files\Java\jdk-21\bin\management.dll
Event: 0.617 Loaded shared library C:\Program Files\Java\jdk-21\bin\management_ext.dll
Event: 0.978 Loaded shared library C:\Program Files\Java\jdk-21\bin\extnet.dll
Event: 1.014 Loaded shared library C:\Program Files\Java\jdk-21\bin\verify.dll
Event: 2.630 Loaded shared library C:\Program Files\Java\jdk-21\bin\sunmscapi.dll

Deoptimization events (20 events):
Event: 865.216 Thread 0x0000020f89a16f00 DEOPT PACKING pc=0x0000020f38c6868c sp=0x0000007d9a3fe890
Event: 865.216 Thread 0x0000020f89a16f00 DEOPT UNPACKING pc=0x0000020f38b04e42 sp=0x0000007d9a3fde18 mode 1
Event: 865.726 Thread 0x0000020f89a16f00 DEOPT PACKING pc=0x0000020f38c50fac sp=0x0000007d9a3fe080
Event: 865.726 Thread 0x0000020f89a16f00 DEOPT UNPACKING pc=0x0000020f38b04e42 sp=0x0000007d9a3fd580 mode 1
Event: 865.726 Thread 0x0000020f89a16f00 DEOPT PACKING pc=0x0000020f38c4d2c4 sp=0x0000007d9a3fe130
Event: 865.726 Thread 0x0000020f89a16f00 DEOPT UNPACKING pc=0x0000020f38b04e42 sp=0x0000007d9a3fd6a0 mode 1
Event: 865.726 Thread 0x0000020f89a16f00 DEOPT PACKING pc=0x0000020f38c51a14 sp=0x0000007d9a3fe260
Event: 865.726 Thread 0x0000020f89a16f00 DEOPT UNPACKING pc=0x0000020f38b04e42 sp=0x0000007d9a3fd790 mode 1
Event: 865.726 Thread 0x0000020f89a16f00 DEOPT PACKING pc=0x0000020f38c57b34 sp=0x0000007d9a3fe340
Event: 865.726 Thread 0x0000020f89a16f00 DEOPT UNPACKING pc=0x0000020f38b04e42 sp=0x0000007d9a3fd810 mode 1
Event: 865.726 Thread 0x0000020f89a16f00 DEOPT PACKING pc=0x0000020f38c73334 sp=0x0000007d9a3fe3c0
Event: 865.726 Thread 0x0000020f89a16f00 DEOPT UNPACKING pc=0x0000020f38b04e42 sp=0x0000007d9a3fd8b8 mode 1
Event: 865.726 Thread 0x0000020f89a16f00 DEOPT PACKING pc=0x0000020f38c4faf4 sp=0x0000007d9a3fe4f0
Event: 865.726 Thread 0x0000020f89a16f00 DEOPT UNPACKING pc=0x0000020f38b04e42 sp=0x0000007d9a3fda18 mode 1
Event: 865.726 Thread 0x0000020f89a16f00 DEOPT PACKING pc=0x0000020f38c544dc sp=0x0000007d9a3fe5e0
Event: 865.726 Thread 0x0000020f89a16f00 DEOPT UNPACKING pc=0x0000020f38b04e42 sp=0x0000007d9a3fda48 mode 1
Event: 865.726 Thread 0x0000020f89a16f00 DEOPT PACKING pc=0x0000020f391abb14 sp=0x0000007d9a3fe6e0
Event: 865.726 Thread 0x0000020f89a16f00 DEOPT UNPACKING pc=0x0000020f38b04e42 sp=0x0000007d9a3fdbe0 mode 1
Event: 865.726 Thread 0x0000020f89a16f00 DEOPT PACKING pc=0x0000020f38c6868c sp=0x0000007d9a3fe890
Event: 865.726 Thread 0x0000020f89a16f00 DEOPT UNPACKING pc=0x0000020f38b04e42 sp=0x0000007d9a3fde18 mode 1

Classes loaded (20 events):
Event: 4.338 Loading class java/util/UUID$Holder
Event: 4.339 Loading class java/util/UUID$Holder done
Event: 4.362 Loading class java/util/stream/SortedOps$SizedRefSortingSink
Event: 4.362 Loading class java/util/stream/SortedOps$SizedRefSortingSink done
Event: 4.376 Loading class javax/net/ssl/SSLException
Event: 4.376 Loading class javax/net/ssl/SSLException done
Event: 4.376 Loading class java/io/EOFException
Event: 4.376 Loading class java/io/EOFException done
Event: 4.391 Loading class java/nio/channels/CompletionHandler
Event: 4.391 Loading class java/nio/channels/CompletionHandler done
Event: 4.401 Loading class jdk/internal/vm/annotation/IntrinsicCandidate
Event: 4.401 Loading class jdk/internal/vm/annotation/IntrinsicCandidate done
Event: 4.413 Loading class java/lang/invoke/DirectMethodHandle$Special
Event: 4.413 Loading class java/lang/invoke/DirectMethodHandle$Special done
Event: 4.418 Loading class jdk/internal/event/ThreadSleepEvent
Event: 4.419 Loading class jdk/internal/event/ThreadSleepEvent done
Event: 4.472 Loading class java/util/LinkedList$LLSpliterator
Event: 4.472 Loading class java/util/LinkedList$LLSpliterator done
Event: 4.474 Loading class sun/reflect/annotation/AnnotationInvocationHandler$1
Event: 4.474 Loading class sun/reflect/annotation/AnnotationInvocationHandler$1 done

Classes unloaded (0 events):
No events

Classes redefined (1 events):
Event: 524.404 Thread 0x0000020f43565020 redefined class name=com.weatherapp.spring.service.WeatherService, count=1

Internal exceptions (20 events):
Event: 3.780 Thread 0x0000020f8a0d8fd0 Exception <a 'java/lang/NoSuchMethodError'{0x000000070fd545c0}: 'void java.lang.invoke.DirectMethodHandle$Holder.invokeVirtual(java.lang.Object, java.lang.Object, int)'> (0x000000070fd545c0) 
thrown [s\open\src\hotspot\share\interpreter\linkResolver.cpp, line 773]
Event: 3.781 Thread 0x0000020f8a0d8fd0 Exception <a 'java/lang/NoSuchMethodError'{0x000000070fd584a0}: 'int java.lang.invoke.DirectMethodHandle$Holder.invokeSpecial(java.lang.Object, java.lang.Object, java.lang.Object, int)'> (0x000000070fd584a0) 
thrown [s\open\src\hotspot\share\interpreter\linkResolver.cpp, line 773]
Event: 3.782 Thread 0x0000020f8a0d8fd0 Exception <a 'java/lang/NoSuchMethodError'{0x000000070fd6c5c0}: 'java.lang.Object java.lang.invoke.DirectMethodHandle$Holder.invokeStatic(java.lang.Object, java.lang.Object, java.lang.Object, java.lang.Object, int)'> (0x000000070fd6c5c0) 
thrown [s\open\src\hotspot\share\interpreter\linkResolver.cpp, line 773]
Event: 3.783 Thread 0x0000020f8a0d8fd0 Exception <a 'java/lang/NoSuchMethodError'{0x000000070fd73990}: 'void java.lang.invoke.DelegatingMethodHandle$Holder.reinvoke_L(java.lang.Object, java.lang.Object, int)'> (0x000000070fd73990) 
thrown [s\open\src\hotspot\share\interpreter\linkResolver.cpp, line 773]
Event: 3.798 Thread 0x0000020f8a0d8fd0 Exception <a 'java/lang/NoSuchMethodError'{0x000000070fa41510}: 'java.lang.Object java.lang.invoke.DirectMethodHandle$Holder.invokeVirtual(java.lang.Object, java.lang.Object, java.lang.Object, java.lang.Object, java.lang.Object)'> (0x000000070fa41510) 
thrown [s\open\src\hotspot\share\interpreter\linkResolver.cpp, line 773]
Event: 3.917 Thread 0x0000020f8a0d8fd0 Exception <a 'java/lang/NoSuchMethodError'{0x000000070f22d150}: 'java.lang.Object java.lang.invoke.DirectMethodHandle$Holder.invokeVirtual(java.lang.Object, java.lang.Object, java.lang.Object, java.lang.Object, java.lang.Object, java.lang.Object)'> (0x000000070f22d150) 
thrown [s\open\src\hotspot\share\interpreter\linkResolver.cpp, line 773]
Event: 3.956 Thread 0x0000020f8a0d8fd0 Exception <a 'java/lang/NoSuchMethodError'{0x000000070f0666d8}: 'void java.lang.invoke.DirectMethodHandle$Holder.invokeInterface(java.lang.Object, java.lang.Object, int)'> (0x000000070f0666d8) 
thrown [s\open\src\hotspot\share\interpreter\linkResolver.cpp, line 773]
Event: 3.962 Thread 0x0000020f8a0d8fd0 Exception <a 'java/lang/IncompatibleClassChangeError'{0x000000070f0a8a00}: Found class java.lang.Object, but interface was expected> (0x000000070f0a8a00) 
thrown [s\open\src\hotspot\share\interpreter\linkResolver.cpp, line 840]
Event: 3.964 Thread 0x0000020f8a0d8fd0 Exception <a 'java/lang/NoSuchMethodError'{0x000000070f0c6308}: 'void java.lang.invoke.DirectMethodHandle$Holder.invokeStatic(java.lang.Object, int, java.lang.Object)'> (0x000000070f0c6308) 
thrown [s\open\src\hotspot\share\interpreter\linkResolver.cpp, line 773]
Event: 3.969 Thread 0x0000020f8a0d8fd0 Exception <a 'java/lang/NoSuchMethodError'{0x000000070f1002b8}: 'void java.lang.invoke.DirectMethodHandle$Holder.invokeStatic(java.lang.Object, java.lang.Object, java.lang.Object, int, java.lang.Object)'> (0x000000070f1002b8) 
thrown [s\open\src\hotspot\share\interpreter\linkResolver.cpp, line 773]
Event: 3.970 Thread 0x0000020f8a0d8fd0 Exception <a 'java/lang/NoSuchMethodError'{0x000000070f106a90}: 'java.lang.Object java.lang.invoke.DirectMethodHandle$Holder.newInvokeSpecial(java.lang.Object, java.lang.Object, java.lang.Object, int)'> (0x000000070f106a90) 
thrown [s\open\src\hotspot\share\interpreter\linkResolver.cpp, line 773]
Event: 3.970 Thread 0x0000020f8a0d8fd0 Exception <a 'java/lang/NoSuchMethodError'{0x000000070f10a890}: 'java.lang.Object java.lang.invoke.DirectMethodHandle$Holder.invokeSpecial(java.lang.Object, java.lang.Object, java.lang.Object, java.lang.Object, int)'> (0x000000070f10a890) 
thrown [s\open\src\hotspot\share\interpreter\linkResolver.cpp, line 773]
Event: 3.970 Thread 0x0000020f8a0d8fd0 Exception <a 'java/lang/NoSuchMethodError'{0x000000070f10dd28}: 'java.lang.Object java.lang.invoke.Invokers$Holder.linkToTargetMethod(java.lang.Object, java.lang.Object, int, java.lang.Object)'> (0x000000070f10dd28) 
thrown [s\open\src\hotspot\share\interpreter\linkResolver.cpp, line 773]
Event: 4.229 Thread 0x0000020f8a0d8fd0 Exception <a 'java/lang/NoSuchMethodError'{0x000000070caf5968}: 'int java.lang.invoke.DirectMethodHandle$Holder.invokeVirtual(java.lang.Object, java.lang.Object, java.lang.Object, java.lang.Object)'> (0x000000070caf5968) 
thrown [s\open\src\hotspot\share\interpreter\linkResolver.cpp, line 773]
Event: 4.230 Thread 0x0000020f8a0d8fd0 Exception <a 'java/lang/NoSuchMethodError'{0x000000070caf93e0}: 'int java.lang.invoke.DelegatingMethodHandle$Holder.reinvoke_L(java.lang.Object, java.lang.Object, java.lang.Object, java.lang.Object)'> (0x000000070caf93e0) 
thrown [s\open\src\hotspot\share\interpreter\linkResolver.cpp, line 773]
Event: 4.267 Thread 0x0000020f8a0d8fd0 Exception <a 'java/io/FileNotFoundException'{0x000000070c944ea8}> (0x000000070c944ea8) 
thrown [s\open\src\hotspot\share\prims\jni.cpp, line 520]
Event: 4.326 Thread 0x0000020f8a0d8fd0 Exception <a 'java/lang/NoSuchMethodError'{0x000000070c4b7cc8}: 'int java.lang.invoke.DirectMethodHandle$Holder.invokeInterface(java.lang.Object, java.lang.Object, java.lang.Object, java.lang.Object)'> (0x000000070c4b7cc8) 
thrown [s\open\src\hotspot\share\interpreter\linkResolver.cpp, line 773]
Event: 4.392 Thread 0x0000020f8a0d8fd0 Exception <a 'java/lang/NoSuchMethodError'{0x000000070c06d1d0}: 'long java.lang.invoke.DirectMethodHandle$Holder.invokeVirtual(java.lang.Object, java.lang.Object)'> (0x000000070c06d1d0) 
thrown [s\open\src\hotspot\share\interpreter\linkResolver.cpp, line 773]
Event: 4.398 Thread 0x0000020f8a0d8fd0 Exception <a 'java/io/FileNotFoundException'{0x000000070c0de450}> (0x000000070c0de450) 
thrown [s\open\src\hotspot\share\prims\jni.cpp, line 520]
Event: 4.422 Thread 0x0000020f8a0d8fd0 Exception <a 'java/lang/NoSuchMethodError'{0x000000070c1e9cf8}: 'void java.lang.invoke.Invokers$Holder.invokeExact_MT(java.lang.Object, java.lang.Object, java.lang.Object, java.lang.Object)'> (0x000000070c1e9cf8) 
thrown [s\open\src\hotspot\share\interpreter\linkResolver.cpp, line 773]

ZGC Phase Switch (0 events):
No events

VM Operations (20 events):
Event: 200.140 Executing VM operation: Cleanup done
Event: 201.142 Executing VM operation: Cleanup
Event: 201.142 Executing VM operation: Cleanup done
Event: 241.446 Executing VM operation: Cleanup
Event: 241.446 Executing VM operation: Cleanup done
Event: 264.630 Executing VM operation: Cleanup
Event: 264.630 Executing VM operation: Cleanup done
Event: 300.883 Executing VM operation: Cleanup
Event: 300.883 Executing VM operation: Cleanup done
Event: 488.331 Executing VM operation: ChangeSingleStep
Event: 488.331 Executing VM operation: ChangeSingleStep done
Event: 488.343 Executing VM operation: ChangeSingleStep
Event: 488.343 Executing VM operation: ChangeSingleStep done
Event: 524.394 Executing VM operation: RedefineClasses
Event: 524.424 Executing VM operation: RedefineClasses done
Event: 635.087 Executing VM operation: Cleanup
Event: 635.087 Executing VM operation: Cleanup done
Event: 655.201 Executing VM operation: Cleanup
Event: 655.201 Executing VM operation: Cleanup done
Event: 866.232 Executing VM operation: G1CollectForAllocation (G1 Evacuation Pause)

Events (20 events):
Event: 4.189 Thread 0x0000020f43565020 flushing nmethod 0x0000020f390cc510
Event: 4.411 Thread 0x0000020f8a0d5b50 Thread added: 0x0000020f8a0d5b50
Event: 4.412 Thread 0x0000020f8a0d6870 Thread added: 0x0000020f8a0d6870
Event: 4.418 Thread 0x0000020f8a0d61e0 Thread added: 0x0000020f8a0d61e0
Event: 5.740 Thread 0x0000020f8a494a40 Thread exited: 0x0000020f8a494a40
Event: 6.244 Thread 0x0000020f89124e70 Thread exited: 0x0000020f89124e70
Event: 7.304 Thread 0x0000020f8911a4f0 Thread exited: 0x0000020f8911a4f0
Event: 91.082 Thread 0x0000020f89a03010 Thread exited: 0x0000020f89a03010
Event: 195.753 Thread 0x0000020f8919a9b0 Thread added: 0x0000020f8919a9b0
Event: 195.753 Thread 0x0000020f89b977e0 Thread added: 0x0000020f89b977e0
Event: 195.753 Thread 0x0000020f89b97e80 Thread added: 0x0000020f89b97e80
Event: 198.292 Thread 0x0000020f89b97e80 Thread exited: 0x0000020f89b97e80
Event: 199.309 Thread 0x0000020f8919a9b0 Thread exited: 0x0000020f8919a9b0
Event: 199.309 Thread 0x0000020f89b977e0 Thread exited: 0x0000020f89b977e0
Event: 199.823 Thread 0x0000020f89b99340 Thread added: 0x0000020f89b99340
Event: 199.824 Thread 0x0000020f89b999e0 Thread added: 0x0000020f89b999e0
Event: 199.824 Thread 0x0000020f8b05d400 Thread added: 0x0000020f8b05d400
Event: 204.834 Thread 0x0000020f8b05d400 Thread exited: 0x0000020f8b05d400
Event: 209.843 Thread 0x0000020f89b999e0 Thread exited: 0x0000020f89b999e0
Event: 214.845 Thread 0x0000020f89b99340 Thread exited: 0x0000020f89b99340


Dynamic libraries:
0x00007ff67d9a0000 - 0x00007ff67d9b0000 	C:\Program Files\Java\jdk-21\bin\javaw.exe
0x00007ffb61e60000 - 0x00007ffb620c3000 	C:\WINDOWS\SYSTEM32\ntdll.dll
0x00007ffb60e90000 - 0x00007ffb60f57000 	C:\WINDOWS\System32\KERNEL32.DLL
0x00007ffb5f780000 - 0x00007ffb5fb47000 	C:\WINDOWS\System32\KERNELBASE.dll
0x00007ffb5f630000 - 0x00007ffb5f77c000 	C:\WINDOWS\System32\ucrtbase.dll
0x00007ffb4a830000 - 0x00007ffb4a849000 	C:\Program Files\Java\jdk-21\bin\jli.dll
0x00007ffb601e0000 - 0x00007ffb60294000 	C:\WINDOWS\System32\ADVAPI32.dll
0x00007ffb5fd60000 - 0x00007ffb5fe09000 	C:\WINDOWS\System32\msvcrt.dll
0x00007ffb473f0000 - 0x00007ffb4740b000 	C:\Program Files\Java\jdk-21\bin\VCRUNTIME140.dll
0x00007ffb5fca0000 - 0x00007ffb5fd46000 	C:\WINDOWS\System32\sechost.dll
0x00007ffb61160000 - 0x00007ffb61276000 	C:\WINDOWS\System32\RPCRT4.dll
0x00007ffb5ffe0000 - 0x00007ffb601a9000 	C:\WINDOWS\System32\USER32.dll
0x00007ffb5f2b0000 - 0x00007ffb5f2d7000 	C:\WINDOWS\System32\win32u.dll
0x00007ffb48160000 - 0x00007ffb483f0000 	C:\WINDOWS\WinSxS\amd64_microsoft.windows.common-controls_6595b64144ccf1df_6.0.26100.3037_none_3e09262ce333c378\COMCTL32.dll
0x00007ffb601b0000 - 0x00007ffb601da000 	C:\WINDOWS\System32\GDI32.dll
0x00007ffb5f460000 - 0x00007ffb5f58b000 	C:\WINDOWS\System32\gdi32full.dll
0x00007ffb5f200000 - 0x00007ffb5f2a3000 	C:\WINDOWS\System32\msvcp_win.dll
0x00007ffb58410000 - 0x00007ffb5841b000 	C:\WINDOWS\SYSTEM32\VERSION.dll
0x00007ffb60f70000 - 0x00007ffb60f9f000 	C:\WINDOWS\System32\IMM32.DLL
0x00007ffb584c0000 - 0x00007ffb584cc000 	C:\Program Files\Java\jdk-21\bin\vcruntime140_1.dll
0x00007ffb3fcc0000 - 0x00007ffb3fd4e000 	C:\Program Files\Java\jdk-21\bin\msvcp140.dll
0x00007ffb1b3c0000 - 0x00007ffb1c0da000 	C:\Program Files\Java\jdk-21\bin\server\jvm.dll
0x00007ffb610c0000 - 0x00007ffb61134000 	C:\WINDOWS\System32\WS2_32.dll
0x00007ffb5f090000 - 0x00007ffb5f0de000 	C:\WINDOWS\SYSTEM32\POWRPROF.dll
0x00007ffb56370000 - 0x00007ffb563a6000 	C:\WINDOWS\SYSTEM32\WINMM.dll
0x00007ffb5f070000 - 0x00007ffb5f084000 	C:\WINDOWS\SYSTEM32\UMPDC.dll
0x00007ffb5e030000 - 0x00007ffb5e04a000 	C:\WINDOWS\SYSTEM32\kernel.appcore.dll
0x00007ffb533f0000 - 0x00007ffb533fa000 	C:\Program Files\Java\jdk-21\bin\jimage.dll
0x00007ffb5c8c0000 - 0x00007ffb5cb01000 	C:\WINDOWS\SYSTEM32\DBGHELP.DLL
0x00007ffb603b0000 - 0x00007ffb6072e000 	C:\WINDOWS\System32\combase.dll
0x00007ffb60fb0000 - 0x00007ffb61086000 	C:\WINDOWS\System32\OLEAUT32.dll
0x00007ffb45d10000 - 0x00007ffb45d49000 	C:\WINDOWS\SYSTEM32\dbgcore.DLL
0x00007ffb5f590000 - 0x00007ffb5f629000 	C:\WINDOWS\System32\bcryptPrimitives.dll
0x00007ffb473b0000 - 0x00007ffb473ec000 	C:\Program Files\Java\jdk-21\bin\jdwp.dll
0x00007ffb529d0000 - 0x00007ffb529df000 	C:\Program Files\Java\jdk-21\bin\instrument.dll
0x00007ffb47390000 - 0x00007ffb473af000 	C:\Program Files\Java\jdk-21\bin\java.dll
0x00007ffb61710000 - 0x00007ffb61e14000 	C:\WINDOWS\System32\SHELL32.dll
0x00007ffb5ced0000 - 0x00007ffb5d707000 	C:\WINDOWS\SYSTEM32\windows.storage.dll
0x00007ffb60b20000 - 0x00007ffb60c09000 	C:\WINDOWS\System32\SHCORE.dll
0x00007ffb60ac0000 - 0x00007ffb60b1d000 	C:\WINDOWS\System32\shlwapi.dll
0x00007ffb5f110000 - 0x00007ffb5f13e000 	C:\WINDOWS\SYSTEM32\profapi.dll
0x00007ffb529b0000 - 0x00007ffb529bc000 	C:\Program Files\Java\jdk-21\bin\dt_socket.dll
0x00007ffb5dae0000 - 0x00007ffb5db12000 	C:\WINDOWS\SYSTEM32\IPHLPAPI.DLL
0x00007ffb5e540000 - 0x00007ffb5e5aa000 	C:\WINDOWS\system32\mswsock.dll
0x00007ffb5db20000 - 0x00007ffb5dc45000 	C:\WINDOWS\SYSTEM32\DNSAPI.dll
0x00007ffb60f60000 - 0x00007ffb60f6a000 	C:\WINDOWS\System32\NSI.dll
0x00007ffb582f0000 - 0x00007ffb582fb000 	C:\Windows\System32\rasadhlp.dll
0x00007ffb58890000 - 0x00007ffb58915000 	C:\WINDOWS\System32\fwpuclnt.dll
0x00007ffb47370000 - 0x00007ffb47388000 	C:\Program Files\Java\jdk-21\bin\zip.dll
0x00007ffb47420000 - 0x00007ffb47430000 	C:\Program Files\Java\jdk-21\bin\net.dll
0x00007ffb57e90000 - 0x00007ffb57fae000 	C:\WINDOWS\SYSTEM32\WINHTTP.dll
0x00007ffb46840000 - 0x00007ffb46856000 	C:\Program Files\Java\jdk-21\bin\nio.dll
0x00007ffb46830000 - 0x00007ffb4683a000 	C:\Program Files\Java\jdk-21\bin\management.dll
0x00007ffb43c10000 - 0x00007ffb43c1b000 	C:\Program Files\Java\jdk-21\bin\management_ext.dll
0x00007ffb5fd50000 - 0x00007ffb5fd58000 	C:\WINDOWS\System32\PSAPI.DLL
0x00007ffb41bb0000 - 0x00007ffb41bc8000 	C:\WINDOWS\system32\napinsp.dll
0x00007ffb401c0000 - 0x00007ffb401d2000 	C:\WINDOWS\System32\winrnr.dll
0x00007ffb40190000 - 0x00007ffb401b2000 	C:\WINDOWS\system32\nlansp_c.dll
0x00007ffb53ae0000 - 0x00007ffb53af6000 	C:\WINDOWS\system32\wshbth.dll
0x00007ffb5e7e0000 - 0x00007ffb5e7fc000 	C:\WINDOWS\SYSTEM32\CRYPTSP.dll
0x00007ffb5df90000 - 0x00007ffb5dfc8000 	C:\WINDOWS\system32\rsaenh.dll
0x00007ffb5e5e0000 - 0x00007ffb5e60b000 	C:\WINDOWS\SYSTEM32\USERENV.dll
0x00007ffb5ea20000 - 0x00007ffb5ea46000 	C:\WINDOWS\SYSTEM32\bcrypt.dll
0x00007ffb5e800000 - 0x00007ffb5e80c000 	C:\WINDOWS\SYSTEM32\CRYPTBASE.dll
0x00007ffb42860000 - 0x00007ffb42869000 	C:\Program Files\Java\jdk-21\bin\extnet.dll
0x00007ffb40080000 - 0x00007ffb40090000 	C:\Program Files\Java\jdk-21\bin\verify.dll
0x00007ffb40070000 - 0x00007ffb4007e000 	C:\Program Files\Java\jdk-21\bin\sunmscapi.dll
0x00007ffb5f2e0000 - 0x00007ffb5f456000 	C:\WINDOWS\System32\CRYPT32.dll
0x00007ffb5e9e0000 - 0x00007ffb5ea10000 	C:\WINDOWS\SYSTEM32\ncrypt.dll
0x00007ffb5e990000 - 0x00007ffb5e9cf000 	C:\WINDOWS\SYSTEM32\NTASN1.dll

dbghelp: loaded successfully - version: 4.0.5 - missing functions: none
symbol engine: initialized successfully - sym options: 0x614 - pdb path: .;C:\Program Files\Java\jdk-21\bin;C:\WINDOWS\SYSTEM32;C:\WINDOWS\WinSxS\amd64_microsoft.windows.common-controls_6595b64144ccf1df_6.0.26100.3037_none_3e09262ce333c378;C:\Program Files\Java\jdk-21\bin\server

VM Arguments:
jvm_args: -XX:+ShowCodeDetailsInExceptionMessages -agentlib:jdwp=transport=dt_socket,suspend=y,address=localhost:50285 -Dcom.sun.management.jmxremote -Dcom.sun.management.jmxremote.port=50284 -Dcom.sun.management.jmxremote.authenticate=false -Dcom.sun.management.jmxremote.ssl=false -Djava.rmi.server.hostname=localhost -Dspring.jmx.enabled=true -Dmanagement.endpoints.jmx.exposure.include=* -Dspring.application.admin.enabled=true -Dspring.output.ansi.enabled=always -XX:TieredStopAtLevel=1 -Dspring.boot.project.name=weather-website -javaagent:C:\Users\aravi\Downloads\spring-tool-suite-4\sts-4.28.0.RELEASE\configuration\org.eclipse.osgi\275\0\.cp\lib\javaagent-shaded.jar -Dfile.encoding=UTF-8 -Dstdout.encoding=UTF-8 -Dstderr.encoding=UTF-8 
java_command: com.weatherapp.spring.WeatherWebsiteApplication
java_class_path (initial): C:\Users\aravi\OneDrive\Attachments\Desktop\Springboot -Projects\weather-website\target\classes;C:\Users\aravi\.m2\repository\org\springframework\boot\spring-boot-starter-web\3.4.3\spring-boot-starter-web-3.4.3.jar;C:\Users\aravi\.m2\repository\org\springframework\boot\spring-boot-starter\3.4.3\spring-boot-starter-3.4.3.jar;C:\Users\aravi\.m2\repository\org\springframework\boot\spring-boot-starter-logging\3.4.3\spring-boot-starter-logging-3.4.3.jar;C:\Users\aravi\.m2\repository\ch\qos\logback\logback-classic\1.5.16\logback-classic-1.5.16.jar;C:\Users\aravi\.m2\repository\ch\qos\logback\logback-core\1.5.16\logback-core-1.5.16.jar;C:\Users\aravi\.m2\repository\org\apache\logging\log4j\log4j-to-slf4j\2.24.3\log4j-to-slf4j-2.24.3.jar;C:\Users\aravi\.m2\repository\org\apache\logging\log4j\log4j-api\2.24.3\log4j-api-2.24.3.jar;C:\Users\aravi\.m2\repository\org\slf4j\jul-to-slf4j\2.0.16\jul-to-slf4j-2.0.16.jar;C:\Users\aravi\.m2\repository\jakarta\annotation\jakarta.annotation-api\2.1.1\jakarta.annotation-api-2.1.1.jar;C:\Users\aravi\.m2\repository\org\yaml\snakeyaml\2.3\snakeyaml-2.3.jar;C:\Users\aravi\.m2\repository\org\springframework\boot\spring-boot-starter-json\3.4.3\spring-boot-starter-json-3.4.3.jar;C:\Users\aravi\.m2\repository\com\fasterxml\jackson\datatype\jackson-datatype-jdk8\2.18.2\jackson-datatype-jdk8-2.18.2.jar;C:\Users\aravi\.m2\repository\com\fasterxml\jackson\datatype\jackson-datatype-jsr310\2.18.2\jackson-datatype-jsr310-2.18.2.jar;C:\Users\aravi\.m2\repository\com\fasterxml\jackson\module\jackson-module-parameter-names\2.18.2\jackson-module-parameter-names-2.18.2.jar;C:\Users\aravi\.m2\repository\org\springframework\boot\spring-boot-starter-tomcat\3.4.3\spring-boot-starter-tomcat-3.4.3.jar;C:\Users\aravi\.m2\repository\org\apache\tomcat\embed\tomcat-embed-core\10.1.36\tomcat-embed-core-10.1.36.jar;C:\Users\aravi\.m2\repository\org\apache\tomcat\embed\tomcat-embed-el\10.1.36\tomcat-embed-el-10.1.36.jar;C:\Users\aravi\.m2\repository\org\apache\tomcat\embed\tomcat-embed-websocket\10.1.36\tomcat-embed-websocket-10.1.36.jar;C:\Users\aravi\.m2\repository\org\springframework\spring-web\6.2.3\spring-web-6.2.3.jar;C:\Users\aravi\.m2\repository\org\springframework\spring-beans\6.2.3\spring-beans-6.2.3.jar;C:\Users\aravi\.m2\repository\io\micrometer\micrometer-observation\1.14.4\micrometer-observation-1.14.4.jar;C:\Users\aravi\.m2\repository\io\micrometer\micrometer-commons\1.14.4\micrometer-commons-1.14.4.jar;C:\Users\aravi\.m2\repository\org\springframework\spring-webmvc\6.2.3\spring-webmvc-6.2.3.jar;C:\Users\aravi\.m2\repository\org\springframework\spring-context\6.2.3\spring-context-6.2.3.jar;C:\Users\aravi\.m2\repository\org\springframework\spring-expression\6.2.3\spring-expression-6.2.3.jar;C:\Users\aravi\.m2\repository\org\springframework\boot\spring-boot-starter-thymeleaf\3.4.3\spring-boot-starter-thymeleaf-3.4.3.jar;C:\Users\aravi\.m2\repository\org\thymeleaf\thymeleaf-spring6\3.1.3.RELEASE\thymeleaf-spring6-3.1.3.RELEASE.jar;C:\Users\aravi\.m2\repository\org\thymeleaf\thymeleaf\3.1.3.RELEASE\thymeleaf-3.1.3.RELEASE.jar;C:\Users\aravi\.m2\repository\org\attoparser\attoparser\2.0.7.RELEASE\attoparser-2.0.7.RELEASE.jar;C:\Users\aravi\.m2\repository\org\unbescape\unbescape\1.1.6.RELEASE\unbescape-1.1.6.RELEASE.jar;C:\Users\aravi\.m2\repository\org\slf4j\slf4j-api\2.0.16\slf4j-api-2.0.16.jar;C:\Users\aravi\.m2\repository\org\springframework\boot\spring-boot-starter-security\3.4.3\spring-boot-starter-security-3.4.3.jar;C:\Users\aravi\.m2\repository\org\springframework\spring-aop\6.2.3\spring-aop-6.2.3.jar;C:\Users\aravi\.m2\repository\org\springframework\security\spring-security-config\6.4.3\spring-security-config-6.4.3.jar;C:\Users\aravi\.m2\repository\org\springframework\security\spring-security-core\6.4.3\spring-security-core-6.4.3.jar;C:\Users\aravi\.m2\repository\org\springframework\security\spring-security-crypto\6.4.3\spring-security-crypto-6.4.3.jar;C:\Users\aravi\.m2\repository\org\springframework\security\spring-security-web\6.4.3\spring-security-web-6.4.3.jar;C:\Users\aravi\.m2\repository\org\projectlombok\lombok\1.18.36\lombok-1.18.36.jar;C:\Users\aravi\.m2\repository\com\fasterxml\jackson\core\jackson-databind\2.18.2\jackson-databind-2.18.2.jar;C:\Users\aravi\.m2\repository\com\fasterxml\jackson\core\jackson-annotations\2.18.2\jackson-annotations-2.18.2.jar;C:\Users\aravi\.m2\repository\com\fasterxml\jackson\core\jackson-core\2.18.2\jackson-core-2.18.2.jar;C:\Users\aravi\.m2\repository\org\springframework\boot\spring-boot-devtools\3.4.3\spring-boot-devtools-3.4.3.jar;C:\Users\aravi\.m2\repository\org\springframework\boot\spring-boot\3.4.3\spring-boot-3.4.3.jar;C:\Users\aravi\.m2\repository\org\springframework\boot\spring-boot-autoconfigure\3.4.3\spring-boot-autoconfigure-3.4.3.jar;C:\Users\aravi\.m2\repository\org\springframework\spring-core\6.2.3\spring-core-6.2.3.jar;C:\Users\aravi\.m2\repository\org\springframework\spring-jcl\6.2.3\spring-jcl-6.2.3.jar
Launcher Type: SUN_STANDARD

[Global flags]
     intx CICompilerCount                          = 4                                         {product} {ergonomic}
     uint ConcGCThreads                            = 3                                         {product} {ergonomic}
     uint G1ConcRefinementThreads                  = 10                                        {product} {ergonomic}
   size_t G1HeapRegionSize                         = 2097152                                   {product} {ergonomic}
    uintx GCDrainStackTargetSize                   = 64                                        {product} {ergonomic}
   size_t InitialHeapSize                          = 260046848                                 {product} {ergonomic}
     bool ManagementServer                         = true                                      {product} {command line}
   size_t MarkStackSize                            = 4194304                                   {product} {ergonomic}
   size_t MaxHeapSize                              = 4135583744                                {product} {ergonomic}
   size_t MaxNewSize                               = 2480930816                                {product} {ergonomic}
   size_t MinHeapDeltaBytes                        = 2097152                                   {product} {ergonomic}
   size_t MinHeapSize                              = 8388608                                   {product} {ergonomic}
    uintx NonNMethodCodeHeapSize                   = 4096                                   {pd product} {ergonomic}
    uintx NonProfiledCodeHeapSize                  = 0                                      {pd product} {ergonomic}
     bool ProfileInterpreter                       = false                                  {pd product} {command line}
    uintx ProfiledCodeHeapSize                     = 0                                      {pd product} {ergonomic}
     bool ShowCodeDetailsInExceptionMessages       = true                                   {manageable} {command line}
   size_t SoftMaxHeapSize                          = 4135583744                             {manageable} {ergonomic}
     intx TieredStopAtLevel                        = 1                                         {product} {command line}
     bool UseCompressedOops                        = true                           {product lp64_product} {ergonomic}
     bool UseG1GC                                  = true                                      {product} {ergonomic}
     bool UseLargePagesIndividualAllocation        = false                                  {pd product} {ergonomic}

Logging:
Log output configuration:
 #0: stdout all=warning uptime,level,tags foldmultilines=false
 #1: stderr all=off uptime,level,tags foldmultilines=false

Environment Variables:
PATH=C:/Users/aravi/Downloads/spring-tool-suite-4/sts-4.28.0.RELEASE//plugins/org.eclipse.justj.openjdk.hotspot.jre.full.win32.x86_64_21.0.6.v20250130-0529/jre/bin/server;C:/Users/aravi/Downloads/spring-tool-suite-4/sts-4.28.0.RELEASE//plugins/org.eclipse.justj.openjdk.hotspot.jre.full.win32.x86_64_21.0.6.v20250130-0529/jre/bin;C:\Program Files\Common Files\Oracle\Java\javapath;C:\WINDOWS\system32;C:\WINDOWS;C:\WINDOWS\System32\Wbem;C:\WINDOWS\System32\WindowsPowerShell\v1.0\;C:\WINDOWS\System32\OpenSSH\;C:\Program Files\Git\cmd;C:\Program Files\nodejs\;C:\Program Files\MySQL\MySQL Server 8.0\bin;C:\Program Files\MySQL\MySQL Shell 8.0\bin\;C:\Users\aravi\AppData\Local\Microsoft\WindowsApps;C:\Users\aravi\AppData\Local\Programs\Microsoft VS Code\bin;C:\Users\aravi\AppData\Roaming\npm;;C:\Users\aravi\Downloads\spring-tool-suite-4\sts-4.28.0.RELEASE;
USERNAME=aravi
OS=Windows_NT
PROCESSOR_IDENTIFIER=AMD64 Family 25 Model 80 Stepping 0, AuthenticAMD
TMP=C:\Users\aravi\AppData\Local\Temp
TEMP=C:\Users\aravi\AppData\Local\Temp




Periodic native trim disabled

---------------  S Y S T E M  ---------------

OS:
 Windows 11 , 64 bit Build 26100 (10.0.26100.3037)
OS uptime: 0 days 1:52 hours
Hyper-V role detected

CPU: total 12 (initial active 12) (12 cores per cpu, 2 threads per core) family 25 model 80 stepping 0 microcode 0xa50000d, cx8, cmov, fxsr, ht, mmx, 3dnowpref, sse, sse2, sse3, ssse3, sse4a, sse4.1, sse4.2, popcnt, lzcnt, tsc, tscinvbit, avx, avx2, aes, erms, clmul, bmi1, bmi2, adx, sha, fma, vzeroupper, clflush, clflushopt, hv, rdtscp, rdpid, fsrm, f16c, cet_ss
Processor Information for processor 0
  Max Mhz: 3301, Current Mhz: 1908, Mhz Limit: 3301
Processor Information for processor 1
  Max Mhz: 3301, Current Mhz: 1908, Mhz Limit: 3301
Processor Information for processor 2
  Max Mhz: 3301, Current Mhz: 1805, Mhz Limit: 3301
Processor Information for processor 3
  Max Mhz: 3301, Current Mhz: 1908, Mhz Limit: 3301
Processor Information for processor 4
  Max Mhz: 3301, Current Mhz: 1805, Mhz Limit: 3301
Processor Information for processor 5
  Max Mhz: 3301, Current Mhz: 1805, Mhz Limit: 3301
Processor Information for processor 6
  Max Mhz: 3301, Current Mhz: 1805, Mhz Limit: 3301
Processor Information for processor 7
  Max Mhz: 3301, Current Mhz: 1908, Mhz Limit: 3301
Processor Information for processor 8
  Max Mhz: 3301, Current Mhz: 1805, Mhz Limit: 3301
Processor Information for processor 9
  Max Mhz: 3301, Current Mhz: 1805, Mhz Limit: 3301
Processor Information for processor 10
  Max Mhz: 3301, Current Mhz: 1805, Mhz Limit: 3301
Processor Information for processor 11
  Max Mhz: 3301, Current Mhz: 1805, Mhz Limit: 3301

Memory: 4k page, system-wide physical 15775M (8338M free)
TotalPageFile size 16799M (AvailPageFile size 8000M)
current process WorkingSet (physical memory assigned to process): 165M, peak: 224M
current process commit charge ("private bytes"): 208M, peak: 370M

vm_info: Java HotSpot(TM) 64-Bit Server VM (21.0.6+8-LTS-188) for windows-amd64 JRE (21.0.6+8-LTS-188), built on 2024-12-03T10:50:54Z by "mach5one" with MS VC++ 17.6 (VS2022)

END.
